# JRE version: Java(TM) SE Runtime Environment (8.0_31-b13) (build 1.8.0_31-b13)
# Java VM: Java HotSpot(TM) 64-Bit Server VM (25.31-b07 mixed mode windows-amd64 compressed oops)
Heap:
 PSYoungGen      total 406528K, used 134782K [0x00000000e0000000, 0x00000000ff780000, 0x0000000100000000)
  eden space 307712K, 33% used [0x00000000e0000000,0x00000000e6458600,0x00000000f2c80000)
  from space 98816K, 32% used [0x00000000f9700000,0x00000000fb647218,0x00000000ff780000)
  to   space 103936K, 0% used [0x00000000f2c80000,0x00000000f2c80000,0x00000000f9200000)
 ParOldGen       total 1048576K, used 947505K [0x00000000a0000000, 0x00000000e0000000, 0x00000000e0000000)
  object space 1048576K, 90% used [0x00000000a0000000,0x00000000d9d4c5f8,0x00000000e0000000)
 Metaspace       used 87975K, capacity 91812K, committed 92160K, reserved 1128448K
  class space    used 11667K, capacity 12419K, committed 12544K, reserved 1048576K
GC Heap History (10 events):
Event: 105.271 GC heap before
{Heap before GC invocations=82 (full 10):
 PSYoungGen      total 422400K, used 39842K [0x00000000e0000000, 0x00000000ff200000, 0x0000000100000000)
  eden space 330240K, 0% used [0x00000000e0000000,0x00000000e0000000,0x00000000f4280000)
  from space 92160K, 43% used [0x00000000f9800000,0x00000000fbee88c0,0x00000000ff200000)
  to   space 87552K, 0% used [0x00000000f4280000,0x00000000f4280000,0x00000000f9800000)
 ParOldGen       total 888832K, used 829209K [0x00000000a0000000, 0x00000000d6400000, 0x00000000e0000000)
  object space 888832K, 93% used [0x00000000a0000000,0x00000000d29c64e0,0x00000000d6400000)
 Metaspace       used 67445K, capacity 69418K, committed 69632K, reserved 1110016K
  class space    used 8938K, capacity 9333K, committed 9472K, reserved 1048576K
Event: 108.188 GC heap after
Heap after GC invocations=82 (full 10):
 PSYoungGen      total 422400K, used 0K [0x00000000e0000000, 0x00000000ff200000, 0x0000000100000000)
  eden space 330240K, 0% used [0x00000000e0000000,0x00000000e0000000,0x00000000f4280000)
  from space 92160K, 0% used [0x00000000f9800000,0x00000000f9800000,0x00000000ff200000)
  to   space 87552K, 0% used [0x00000000f4280000,0x00000000f4280000,0x00000000f9800000)
 ParOldGen       total 1048576K, used 854266K [0x00000000a0000000, 0x00000000e0000000, 0x00000000e0000000)
  object space 1048576K, 81% used [0x00000000a0000000,0x00000000d423ea88,0x00000000e0000000)
 Metaspace       used 67445K, capacity 69418K, committed 69632K, reserved 1110016K
  class space    used 8938K, capacity 9333K, committed 9472K, reserved 1048576K
}
Event: 109.403 GC heap before
{Heap before GC invocations=83 (full 10):
 PSYoungGen      total 422400K, used 330240K [0x00000000e0000000, 0x00000000ff200000, 0x0000000100000000)
  eden space 330240K, 100% used [0x00000000e0000000,0x00000000f4280000,0x00000000f4280000)
  from space 92160K, 0% used [0x00000000f9800000,0x00000000f9800000,0x00000000ff200000)
  to   space 87552K, 0% used [0x00000000f4280000,0x00000000f4280000,0x00000000f9800000)
 ParOldGen       total 1048576K, used 854266K [0x00000000a0000000, 0x00000000e0000000, 0x00000000e0000000)
  object space 1048576K, 81% used [0x00000000a0000000,0x00000000d423ea88,0x00000000e0000000)
 Metaspace       used 67446K, capacity 69418K, committed 69632K, reserved 1110016K
  class space    used 8938K, capacity 9333K, committed 9472K, reserved 1048576K
Event: 109.463 GC heap after
Heap after GC invocations=83 (full 10):
 PSYoungGen      total 417792K, used 58096K [0x00000000e0000000, 0x00000000ffe80000, 0x0000000100000000)
  eden space 330240K, 0% used [0x00000000e0000000,0x00000000e0000000,0x00000000f4280000)
  from space 87552K, 66% used [0x00000000f4280000,0x00000000f7b3c0e0,0x00000000f9800000)
  to   space 89088K, 0% used [0x00000000fa780000,0x00000000fa780000,0x00000000ffe80000)
 ParOldGen       total 1048576K, used 854266K [0x00000000a0000000, 0x00000000e0000000, 0x00000000e0000000)
  object space 1048576K, 81% used [0x00000000a0000000,0x00000000d423ea88,0x00000000e0000000)
 Metaspace       used 67446K, capacity 69418K, committed 69632K, reserved 1110016K
  class space    used 8938K, capacity 9333K, committed 9472K, reserved 1048576K
}
Event: 110.900 GC heap before
{Heap before GC invocations=84 (full 10):
 PSYoungGen      total 417792K, used 382000K [0x00000000e0000000, 0x00000000ffe80000, 0x0000000100000000)
  eden space 330240K, 98% used [0x00000000e0000000,0x00000000f3c502e0,0x00000000f4280000)
  from space 87552K, 66% used [0x00000000f4280000,0x00000000f7b3c0e0,0x00000000f9800000)
  to   space 89088K, 0% used [0x00000000fa780000,0x00000000fa780000,0x00000000ffe80000)
 ParOldGen       total 1048576K, used 854266K [0x00000000a0000000, 0x00000000e0000000, 0x00000000e0000000)
  object space 1048576K, 81% used [0x00000000a0000000,0x00000000d423ea88,0x00000000e0000000)
 Metaspace       used 67472K, capacity 69442K, committed 69888K, reserved 1110016K
  class space    used 8942K, capacity 9339K, committed 9472K, reserved 1048576K
Event: 110.980 GC heap after
Heap after GC invocations=84 (full 10):
 PSYoungGen      total 395264K, used 89068K [0x00000000e0000000, 0x0000000100000000, 0x0000000100000000)
  eden space 306176K, 0% used [0x00000000e0000000,0x00000000e0000000,0x00000000f2b00000)
  from space 89088K, 99% used [0x00000000fa780000,0x00000000ffe7b198,0x00000000ffe80000)
  to   space 109056K, 0% used [0x00000000f2b00000,0x00000000f2b00000,0x00000000f9580000)
 ParOldGen       total 1048576K, used 874837K [0x00000000a0000000, 0x00000000e0000000, 0x00000000e0000000)
  object space 1048576K, 83% used [0x00000000a0000000,0x00000000d5655720,0x00000000e0000000)
 Metaspace       used 67472K, capacity 69442K, committed 69888K, reserved 1110016K
  class space    used 8942K, capacity 9339K, committed 9472K, reserved 1048576K
}
Event: 967.253 GC heap before
{Heap before GC invocations=85 (full 10):
 PSYoungGen      total 395264K, used 395244K [0x00000000e0000000, 0x0000000100000000, 0x0000000100000000)
  eden space 306176K, 100% used [0x00000000e0000000,0x00000000f2b00000,0x00000000f2b00000)
  from space 89088K, 99% used [0x00000000fa780000,0x00000000ffe7b198,0x00000000ffe80000)
  to   space 109056K, 0% used [0x00000000f2b00000,0x00000000f2b00000,0x00000000f9580000)
 ParOldGen       total 1048576K, used 874837K [0x00000000a0000000, 0x00000000e0000000, 0x00000000e0000000)
  object space 1048576K, 83% used [0x00000000a0000000,0x00000000d5655720,0x00000000e0000000)
 Metaspace       used 76422K, capacity 79020K, committed 79360K, reserved 1118208K
  class space    used 9970K, capacity 10454K, committed 10496K, reserved 1048576K
Event: 967.352 GC heap after
Heap after GC invocations=85 (full 10):
 PSYoungGen      total 415232K, used 23758K [0x00000000e0000000, 0x0000000100000000, 0x0000000100000000)
  eden space 306176K, 0% used [0x00000000e0000000,0x00000000e0000000,0x00000000f2b00000)
  from space 109056K, 21% used [0x00000000f2b00000,0x00000000f42339f0,0x00000000f9580000)
  to   space 107520K, 0% used [0x00000000f9700000,0x00000000f9700000,0x0000000100000000)
 ParOldGen       total 1048576K, used 947497K [0x00000000a0000000, 0x00000000e0000000, 0x00000000e0000000)
  object space 1048576K, 90% used [0x00000000a0000000,0x00000000d9d4a5f8,0x00000000e0000000)
 Metaspace       used 76422K, capacity 79020K, committed 79360K, reserved 1118208K
  class space    used 9970K, capacity 10454K, committed 10496K, reserved 1048576K
}
Event: 970.979 GC heap before
{Heap before GC invocations=86 (full 10):
 PSYoungGen      total 415232K, used 329934K [0x00000000e0000000, 0x0000000100000000, 0x0000000100000000)
  eden space 306176K, 100% used [0x00000000e0000000,0x00000000f2b00000,0x00000000f2b00000)
  from space 109056K, 21% used [0x00000000f2b00000,0x00000000f42339f0,0x00000000f9580000)
  to   space 107520K, 0% used [0x00000000f9700000,0x00000000f9700000,0x0000000100000000)
 ParOldGen       total 1048576K, used 947497K [0x00000000a0000000, 0x00000000e0000000, 0x00000000e0000000)
  object space 1048576K, 90% used [0x00000000a0000000,0x00000000d9d4a5f8,0x00000000e0000000)
 Metaspace       used 85199K, capacity 88754K, committed 88832K, reserved 1126400K
  class space    used 11356K, capacity 12004K, committed 12032K, reserved 1048576K
Event: 971.008 GC heap after
Heap after GC invocations=86 (full 10):
 PSYoungGen      total 406528K, used 32028K [0x00000000e0000000, 0x00000000ff780000, 0x0000000100000000)
  eden space 307712K, 0% used [0x00000000e0000000,0x00000000e0000000,0x00000000f2c80000)
  from space 98816K, 32% used [0x00000000f9700000,0x00000000fb647218,0x00000000ff780000)
  to   space 103936K, 0% used [0x00000000f2c80000,0x00000000f2c80000,0x00000000f9200000)
 ParOldGen       total 1048576K, used 947505K [0x00000000a0000000, 0x00000000e0000000, 0x00000000e0000000)
  object space 1048576K, 90% used [0x00000000a0000000,0x00000000d9d4c5f8,0x00000000e0000000)
 Metaspace       used 85199K, capacity 88754K, committed 88832K, reserved 1126400K
  class space    used 11356K, capacity 12004K, committed 12032K, reserved 1048576K
}

