# JRE version: Java(TM) SE Runtime Environment (8.0_31-b13) (build 1.8.0_31-b13)
# Java VM: Java HotSpot(TM) 64-Bit Server VM (25.31-b07 mixed mode windows-amd64 compressed oops)
Heap:
 PSYoungGen      total 478720K, used 323095K [0x00000000e0000000, 0x0000000100000000, 0x0000000100000000)
  eden space 434176K, 74% used [0x00000000e0000000,0x00000000f3b14c98,0x00000000fa800000)
  from space 44544K, 1% used [0x00000000fd380000,0x00000000fd3f1130,0x00000000fff00000)
  to   space 44544K, 0% used [0x00000000fa800000,0x00000000fa800000,0x00000000fd380000)
 ParOldGen       total 124416K, used 102011K [0x00000000a0000000, 0x00000000a7980000, 0x00000000e0000000)
  object space 124416K, 81% used [0x00000000a0000000,0x00000000a639ece8,0x00000000a7980000)
 Metaspace       used 72972K, capacity 76404K, committed 76760K, reserved 1116160K
  class space    used 9970K, capacity 10671K, committed 10752K, reserved 1048576K
GC Heap History (10 events):
Event: 3077.672 GC heap before
{Heap before GC invocations=13 (full 3):
 PSYoungGen      total 317952K, used 286208K [0x00000000e0000000, 0x00000000fe980000, 0x0000000100000000)
  eden space 286208K, 100% used [0x00000000e0000000,0x00000000f1780000,0x00000000f1780000)
  from space 31744K, 0% used [0x00000000f1780000,0x00000000f1780000,0x00000000f3680000)
  to   space 30720K, 0% used [0x00000000fcb80000,0x00000000fcb80000,0x00000000fe980000)
 ParOldGen       total 124416K, used 48326K [0x00000000a0000000, 0x00000000a7980000, 0x00000000e0000000)
  object space 124416K, 38% used [0x00000000a0000000,0x00000000a2f31a08,0x00000000a7980000)
 Metaspace       used 61407K, capacity 64052K, committed 64216K, reserved 1103872K
  class space    used 8370K, capacity 8947K, committed 8960K, reserved 1048576K
Event: 3077.691 GC heap after
Heap after GC invocations=13 (full 3):
 PSYoungGen      total 450048K, used 10338K [0x00000000e0000000, 0x00000000fdf00000, 0x0000000100000000)
  eden space 430080K, 0% used [0x00000000e0000000,0x00000000e0000000,0x00000000fa400000)
  from space 19968K, 51% used [0x00000000fcb80000,0x00000000fd598b10,0x00000000fdf00000)
  to   space 30208K, 0% used [0x00000000fa400000,0x00000000fa400000,0x00000000fc180000)
 ParOldGen       total 124416K, used 48326K [0x00000000a0000000, 0x00000000a7980000, 0x00000000e0000000)
  object space 124416K, 38% used [0x00000000a0000000,0x00000000a2f31a08,0x00000000a7980000)
 Metaspace       used 61407K, capacity 64052K, committed 64216K, reserved 1103872K
  class space    used 8370K, capacity 8947K, committed 8960K, reserved 1048576K
}
Event: 3098.793 GC heap before
{Heap before GC invocations=14 (full 3):
 PSYoungGen      total 450048K, used 439678K [0x00000000e0000000, 0x00000000fdf00000, 0x0000000100000000)
  eden space 430080K, 99% used [0x00000000e0000000,0x00000000fa347070,0x00000000fa400000)
  from space 19968K, 51% used [0x00000000fcb80000,0x00000000fd598b10,0x00000000fdf00000)
  to   space 30208K, 0% used [0x00000000fa400000,0x00000000fa400000,0x00000000fc180000)
 ParOldGen       total 124416K, used 48326K [0x00000000a0000000, 0x00000000a7980000, 0x00000000e0000000)
  object space 124416K, 38% used [0x00000000a0000000,0x00000000a2f31a08,0x00000000a7980000)
 Metaspace       used 64251K, capacity 67132K, committed 67160K, reserved 1107968K
  class space    used 8731K, capacity 9330K, committed 9344K, reserved 1048576K
Event: 3098.836 GC heap after
Heap after GC invocations=14 (full 3):
 PSYoungGen      total 460288K, used 30192K [0x00000000e0000000, 0x0000000100000000, 0x0000000100000000)
  eden space 430080K, 0% used [0x00000000e0000000,0x00000000e0000000,0x00000000fa400000)
  from space 30208K, 99% used [0x00000000fa400000,0x00000000fc17c318,0x00000000fc180000)
  to   space 46080K, 0% used [0x00000000fd300000,0x00000000fd300000,0x0000000100000000)
 ParOldGen       total 124416K, used 79546K [0x00000000a0000000, 0x00000000a7980000, 0x00000000e0000000)
  object space 124416K, 63% used [0x00000000a0000000,0x00000000a4daeb18,0x00000000a7980000)
 Metaspace       used 64251K, capacity 67132K, committed 67160K, reserved 1107968K
  class space    used 8731K, capacity 9330K, committed 9344K, reserved 1048576K
}
Event: 3099.601 GC heap before
{Heap before GC invocations=15 (full 3):
 PSYoungGen      total 460288K, used 459386K [0x00000000e0000000, 0x0000000100000000, 0x0000000100000000)
  eden space 430080K, 99% used [0x00000000e0000000,0x00000000fa322580,0x00000000fa400000)
  from space 30208K, 99% used [0x00000000fa400000,0x00000000fc17c318,0x00000000fc180000)
  to   space 46080K, 0% used [0x00000000fd300000,0x00000000fd300000,0x0000000100000000)
 ParOldGen       total 124416K, used 79546K [0x00000000a0000000, 0x00000000a7980000, 0x00000000e0000000)
  object space 124416K, 63% used [0x00000000a0000000,0x00000000a4daeb18,0x00000000a7980000)
 Metaspace       used 64969K, capacity 67862K, committed 68056K, reserved 1107968K
  class space    used 8843K, capacity 9441K, committed 9472K, reserved 1048576K
Event: 3099.621 GC heap after
Heap after GC invocations=15 (full 3):
 PSYoungGen      total 480256K, used 13481K [0x00000000e0000000, 0x0000000100000000, 0x0000000100000000)
  eden space 434176K, 0% used [0x00000000e0000000,0x00000000e0000000,0x00000000fa800000)
  from space 46080K, 29% used [0x00000000fd300000,0x00000000fe02a6f8,0x0000000100000000)
  to   space 44032K, 0% used [0x00000000fa800000,0x00000000fa800000,0x00000000fd300000)
 ParOldGen       total 124416K, used 94063K [0x00000000a0000000, 0x00000000a7980000, 0x00000000e0000000)
  object space 124416K, 75% used [0x00000000a0000000,0x00000000a5bdbe20,0x00000000a7980000)
 Metaspace       used 64969K, capacity 67862K, committed 68056K, reserved 1107968K
  class space    used 8843K, capacity 9441K, committed 9472K, reserved 1048576K
}
Event: 3099.712 GC heap before
{Heap before GC invocations=16 (full 3):
 PSYoungGen      total 480256K, used 447264K [0x00000000e0000000, 0x0000000100000000, 0x0000000100000000)
  eden space 434176K, 99% used [0x00000000e0000000,0x00000000fa79da20,0x00000000fa800000)
  from space 46080K, 29% used [0x00000000fd300000,0x00000000fe02a6f8,0x0000000100000000)
  to   space 44032K, 0% used [0x00000000fa800000,0x00000000fa800000,0x00000000fd300000)
 ParOldGen       total 124416K, used 94063K [0x00000000a0000000, 0x00000000a7980000, 0x00000000e0000000)
  object space 124416K, 75% used [0x00000000a0000000,0x00000000a5bdbe20,0x00000000a7980000)
 Metaspace       used 64976K, capacity 67862K, committed 68056K, reserved 1107968K
  class space    used 8843K, capacity 9441K, committed 9472K, reserved 1048576K
Event: 3099.727 GC heap after
Heap after GC invocations=16 (full 3):
 PSYoungGen      total 478208K, used 128K [0x00000000e0000000, 0x00000000fff00000, 0x0000000100000000)
  eden space 434176K, 0% used [0x00000000e0000000,0x00000000e0000000,0x00000000fa800000)
  from space 44032K, 0% used [0x00000000fa800000,0x00000000fa820000,0x00000000fd300000)
  to   space 44544K, 0% used [0x00000000fd380000,0x00000000fd380000,0x00000000fff00000)
 ParOldGen       total 124416K, used 101971K [0x00000000a0000000, 0x00000000a7980000, 0x00000000e0000000)
  object space 124416K, 81% used [0x00000000a0000000,0x00000000a6394ce8,0x00000000a7980000)
 Metaspace       used 64976K, capacity 67862K, committed 68056K, reserved 1107968K
  class space    used 8843K, capacity 9441K, committed 9472K, reserved 1048576K
}
Event: 3100.084 GC heap before
{Heap before GC invocations=17 (full 3):
 PSYoungGen      total 478208K, used 434304K [0x00000000e0000000, 0x00000000fff00000, 0x0000000100000000)
  eden space 434176K, 100% used [0x00000000e0000000,0x00000000fa800000,0x00000000fa800000)
  from space 44032K, 0% used [0x00000000fa800000,0x00000000fa820000,0x00000000fd300000)
  to   space 44544K, 0% used [0x00000000fd380000,0x00000000fd380000,0x00000000fff00000)
 ParOldGen       total 124416K, used 101971K [0x00000000a0000000, 0x00000000a7980000, 0x00000000e0000000)
  object space 124416K, 81% used [0x00000000a0000000,0x00000000a6394ce8,0x00000000a7980000)
 Metaspace       used 65106K, capacity 68060K, committed 68184K, reserved 1107968K
  class space    used 8868K, capacity 9480K, committed 9600K, reserved 1048576K
Event: 3100.092 GC heap after
Heap after GC invocations=17 (full 3):
 PSYoungGen      total 478720K, used 452K [0x00000000e0000000, 0x0000000100000000, 0x0000000100000000)
  eden space 434176K, 0% used [0x00000000e0000000,0x00000000e0000000,0x00000000fa800000)
  from space 44544K, 1% used [0x00000000fd380000,0x00000000fd3f1130,0x00000000fff00000)
  to   space 44544K, 0% used [0x00000000fa800000,0x00000000fa800000,0x00000000fd380000)
 ParOldGen       total 124416K, used 102011K [0x00000000a0000000, 0x00000000a7980000, 0x00000000e0000000)
  object space 124416K, 81% used [0x00000000a0000000,0x00000000a639ece8,0x00000000a7980000)
 Metaspace       used 65106K, capacity 68060K, committed 68184K, reserved 1107968K
  class space    used 8868K, capacity 9480K, committed 9600K, reserved 1048576K
}

